#
# A fatal error has been detected by the Java Runtime Environment:
#
#  EXCEPTION_ACCESS_VIOLATION (0xc0000005) at pc=0x00007ff99e586699, pid=6092, tid=2216
#
# JRE version: Java(TM) SE Runtime Environment (14.0.1+7) (build 14.0.1+7)
# Java VM: Java HotSpot(TM) 64-Bit Server VM (14.0.1+7, mixed mode, sharing, tiered, compressed oops, g1 gc, windows-amd64)
# Problematic frame:
# V  [jvm.dll+0x206699]
#
# No core dump will be written. Minidumps are not enabled by default on client versions of Windows
#
# If you would like to submit a bug report, please visit:
#   https://bugreport.java.com/bugreport/crash.jsp
#

---------------  S U M M A R Y ------------

Command Line: -agentlib:jdwp=transport=dt_socket,suspend=y,address=localhost:52774 -javaagent:C:\Users\Don\eclipse\jee-2020-03\eclipse\configuration\org.eclipse.osgi\411\0\.cp\lib\javaagent-shaded.jar -Dfile.encoding=UTF-8 problem.step.six.array.Q8958

Host: Intel(R) Core(TM) i7-6500U CPU @ 2.50GHz, 4 cores, 7G,  Windows 10 , 64 bit Build 18362 (10.0.18362.778)
Time: Fri May 29 18:28:47 2020 ¢¥eCN©öI¡¾©ö C¡ÍA¨ª¨öA elapsed time: 137 seconds (0d 0h 2m 17s)

---------------  T H R E A D  ---------------

Current thread (0x000001a9a208a800):  JavaThread "JDWP Transport Listener: dt_socket" daemon [_thread_in_vm, id=2216, stack(0x0000004e04600000,0x0000004e04700000)] _threads_hazard_ptr=0x000001a9a2140a10

Stack: [0x0000004e04600000,0x0000004e04700000],  sp=0x0000004e046ff018,  free space=1020k
Native frames: (J=compiled Java code, j=interpreted, Vv=VM code, C=native code)
V  [jvm.dll+0x206699]


siginfo: EXCEPTION_ACCESS_VIOLATION (0xc0000005), reading address 0x000001a9a1c60788


Register to memory mapping:

RIP=0x00007ff99e586699 jvm.dll
RAX=0x0000000000194120 is an unknown value
RBX=0x0000004e046ff2d0 is pointing into the stack for thread: 0x000001a9a208a800
RCX=0x000001a9a1acc668 is pointing into metadata
RDX=0x000000000000ca08 is an unknown value
RSP=0x0000004e046ff018 is pointing into the stack for thread: 0x000001a9a208a800
RBP=0x0000000000000001 is an unknown value
RSI=0x0000000000000001 is an unknown value
RDI=0x000001a9a1acc040 is pointing into metadata
R8 =0x0 is NULL
R9 =0x000001a9a1acc040 is pointing into metadata
R10=0x000001a9a1f319c8 points into unknown readable memory: 00 00 00 47 01 00 00 47
R11=0x000001a9a1f31630 points into unknown readable memory: 00 00 00 47 01 00 00 47
R12=0x000001a9a1f315b0 points into unknown readable memory: 00 04 ec 89 a5 00 00 00
R13=0x0000000000000230 is an unknown value
R14=0x000001a9a1acc4f2 is pointing into metadata
R15=0x00000000000000b3 is an unknown value


Registers:
RAX=0x0000000000194120, RBX=0x0000004e046ff2d0, RCX=0x000001a9a1acc668, RDX=0x000000000000ca08
RSP=0x0000004e046ff018, RBP=0x0000000000000001, RSI=0x0000000000000001, RDI=0x000001a9a1acc040
R8 =0x0000000000000000, R9 =0x000001a9a1acc040, R10=0x000001a9a1f319c8, R11=0x000001a9a1f31630
R12=0x000001a9a1f315b0, R13=0x0000000000000230, R14=0x000001a9a1acc4f2, R15=0x00000000000000b3
RIP=0x00007ff99e586699, EFLAGS=0x0000000000010202

Top of Stack: (sp=0x0000004e046ff018)
0x0000004e046ff018:   00007ff99e66eef3 0000004e046ff2d0
0x0000004e046ff028:   00007ff99e672c53 0000004e046ff2d0
0x0000004e046ff038:   00007ff99e90ec3e 0000004e00000000
0x0000004e046ff048:   00007ff99e672f97 0000000046000004
0x0000004e046ff058:   00007ff99e672f02 00005a2204ce3df4
0x0000004e046ff068:   00005a2204ce3de4 000001a9a1acc4f2
0x0000004e046ff078:   0000004e046ff130 0000004e046ff2d0
0x0000004e046ff088:   00007ff99e670f82 0000004e046ff2d0
0x0000004e046ff098:   00000000000000a5 0000000000000001
0x0000004e046ff0a8:   00007ff99e68351a 0000004e000000a5
0x0000004e046ff0b8:   6666666666666667 0000000000000000
0x0000004e046ff0c8:   000001a9a1acc4f2 0000004e046ff130
0x0000004e046ff0d8:   00007ff99e488d6e 000001a9a1acc5c0
0x0000004e046ff0e8:   000001a9a1f31680 00000000000000b3
0x0000004e046ff0f8:   00000000000000a1 6666666666666667
0x0000004e046ff108:   00007ff99e67190e 0000004e046ff2d0 

Instructions: (pc=0x00007ff99e586699)
0x00007ff99e586599:   03 03 03 03 03 03 03 03 03 03 03 03 03 03 03 03
0x00007ff99e5865a9:   03 03 03 03 03 03 03 03 03 03 03 03 03 03 03 03
0x00007ff99e5865b9:   03 03 03 03 03 03 03 03 03 03 03 03 03 03 03 03
0x00007ff99e5865c9:   03 03 03 03 03 03 03 03 03 03 03 03 03 03 03 03
0x00007ff99e5865d9:   03 03 02 03 03 02 cc 48 89 5c 24 08 48 89 74 24
0x00007ff99e5865e9:   10 57 48 83 ec 20 48 63 da 41 0f b6 f0 48 8b f9
0x00007ff99e5865f9:   85 d2 79 24 4c 8d 0d ec 82 63 00 ba 99 02 00 00
0x00007ff99e586609:   4c 8d 05 18 83 63 00 48 8d 0d 91 82 63 00 e8 94
0x00007ff99e586619:   6b 00 00 e8 3f 19 3f 00 40 84 f6 75 18 48 8b 4f
0x00007ff99e586629:   10 48 85 c9 74 0f 48 8d 43 01 48 c1 e0 05 48 8b
0x00007ff99e586639:   04 08 0f b7 d8 48 8b 74 24 38 48 63 c3 48 8b 5c
0x00007ff99e586649:   24 30 0f b7 44 c7 40 48 83 c4 20 5f c3 cc cc cc
0x00007ff99e586659:   cc cc cc cc cc cc cc 4c 8b c9 45 84 c0 75 42 48
0x00007ff99e586669:   8b 49 10 48 85 c9 74 39 85 d2 79 1a f7 d2 48 63
0x00007ff99e586679:   c2 48 ff c0 48 c1 e0 05 48 8b 04 08 0f b7 c8 41
0x00007ff99e586689:   0f b7 44 c9 42 c3 48 63 c2 48 ff c0 48 c1 e0 05
0x00007ff99e586699:   48 8b 04 08 0f b7 d0 48 63 c2 41 0f b7 44 c1 42
0x00007ff99e5866a9:   c3 49 8b 41 08 4c 63 c2 42 0f b6 44 00 04 8d 48
0x00007ff99e5866b9:   ef 80 f9 01 76 0e 3c 6a 74 0a 48 63 c2 41 0f b7
0x00007ff99e5866c9:   44 c1 42 c3 43 0f b7 44 c1 42 c3 cc cc cc cc cc
0x00007ff99e5866d9:   cc cc cc cc cc cc cc 40 53 48 83 ec 20 48 8b d9
0x00007ff99e5866e9:   e8 72 ff ff ff 48 63 d0 0f b7 44 d3 40 48 8b 44
0x00007ff99e5866f9:   c3 40 48 83 c4 20 5b c3 cc cc cc cc cc cc cc cc
0x00007ff99e586709:   cc cc cc cc cc cc cc 40 53 48 83 ec 20 48 8b d9
0x00007ff99e586719:   e8 42 ff ff ff 48 63 d0 0f b7 44 d3 42 48 8b 44
0x00007ff99e586729:   c3 40 48 83 c4 20 5b c3 cc cc cc cc cc cc cc cc
0x00007ff99e586739:   cc cc cc cc cc cc cc 4c 8b d1 45 84 c9 75 23 4c
0x00007ff99e586749:   8b 49 10 4d 85 c9 74 1a 45 85 c0 79 03 41 f7 d0
0x00007ff99e586759:   49 63 c0 48 ff c0 48 c1 e0 05 4a 8b 04 08 44 0f
0x00007ff99e586769:   b7 c0 49 8b 42 08 49 63 c8 0f b6 4c 08 04 48 8b
0x00007ff99e586779:   c2 88 0a c3 cc cc cc 40 56 57 41 54 41 56 41 57
0x00007ff99e586789:   48 83 ec 20 45 8b 30 49 8b f0 49 63 f9 4c 8b e2 


Stack slot to memory mapping:
stack at sp + 0 slots: 0x00007ff99e66eef3 jvm.dll
stack at sp + 1 slots: 0x0000004e046ff2d0 is pointing into the stack for thread: 0x000001a9a208a800
stack at sp + 2 slots: 0x00007ff99e672c53 jvm.dll
stack at sp + 3 slots: 0x0000004e046ff2d0 is pointing into the stack for thread: 0x000001a9a208a800
stack at sp + 4 slots: 0x00007ff99e90ec3e jvm.dll
stack at sp + 5 slots: 0x0000004e00000000 is an unknown value
stack at sp + 6 slots: 0x00007ff99e672f97 jvm.dll
stack at sp + 7 slots: 0x0000000046000004 is an unknown value


---------------  P R O C E S S  ---------------

Threads class SMR info:
_java_thread_list=0x000001a9a2140a10, length=14, elements={
0x000001a982edc000, 0x000001a9a161d800, 0x000001a9a161f000, 0x000001a9a163d800,
0x000001a9a1641000, 0x000001a9a1646800, 0x000001a9a164c000, 0x000001a9a1654800,
0x000001a9a1648000, 0x000001a9a1645000, 0x000001a9a208a800, 0x000001a9a208d800,
0x000001a9a2093000, 0x000001a9a1649000
}

Java Threads: ( => current thread )
  0x000001a982edc000 JavaThread "main" [_thread_blocked, id=12664, stack(0x0000004e03600000,0x0000004e03700000)]
  0x000001a9a161d800 JavaThread "Reference Handler" daemon [_thread_blocked, id=4324, stack(0x0000004e03d00000,0x0000004e03e00000)]
  0x000001a9a161f000 JavaThread "Finalizer" daemon [_thread_blocked, id=4328, stack(0x0000004e03e00000,0x0000004e03f00000)]
  0x000001a9a163d800 JavaThread "Signal Dispatcher" daemon [_thread_blocked, id=7092, stack(0x0000004e03f00000,0x0000004e04000000)]
  0x000001a9a1641000 JavaThread "Attach Listener" daemon [_thread_blocked, id=6316, stack(0x0000004e04000000,0x0000004e04100000)]
  0x000001a9a1646800 JavaThread "Service Thread" daemon [_thread_blocked, id=4728, stack(0x0000004e04100000,0x0000004e04200000)]
  0x000001a9a164c000 JavaThread "C2 CompilerThread0" daemon [_thread_blocked, id=11012, stack(0x0000004e04200000,0x0000004e04300000)]
  0x000001a9a1654800 JavaThread "C1 CompilerThread0" daemon [_thread_blocked, id=6732, stack(0x0000004e04300000,0x0000004e04400000)]
  0x000001a9a1648000 JavaThread "Sweeper thread" daemon [_thread_blocked, id=11620, stack(0x0000004e04400000,0x0000004e04500000)]
  0x000001a9a1645000 JavaThread "Common-Cleaner" daemon [_thread_blocked, id=4124, stack(0x0000004e04500000,0x0000004e04600000)]
=>0x000001a9a208a800 JavaThread "JDWP Transport Listener: dt_socket" daemon [_thread_in_vm, id=2216, stack(0x0000004e04600000,0x0000004e04700000)]
  0x000001a9a208d800 JavaThread "JDWP Event Helper Thread" daemon [_thread_blocked, id=1000, stack(0x0000004e04700000,0x0000004e04800000)]
  0x000001a9a2093000 JavaThread "JDWP Command Reader" daemon [_thread_in_native, id=304, stack(0x0000004e04800000,0x0000004e04900000)]
  0x000001a9a1649000 JavaThread "Notification Thread" daemon [_thread_blocked, id=6948, stack(0x0000004e04900000,0x0000004e04a00000)]

Other Threads:
  0x000001a9a161a000 VMThread "VM Thread" [stack: 0x0000004e03c00000,0x0000004e03d00000] [id=9608]
  0x000001a9a21e2800 WatcherThread [stack: 0x0000004e04a00000,0x0000004e04b00000] [id=2088]
  0x000001a982f1f000 GCTaskThread "GC Thread#0" [stack: 0x0000004e03700000,0x0000004e03800000] [id=7912]
  0x000001a982f31000 ConcurrentGCThread "G1 Main Marker" [stack: 0x0000004e03800000,0x0000004e03900000] [id=12100]
  0x000001a982f32800 ConcurrentGCThread "G1 Conc#0" [stack: 0x0000004e03900000,0x0000004e03a00000] [id=11628]
  0x000001a9a1490800 ConcurrentGCThread "G1 Refine#0" [stack: 0x0000004e03a00000,0x0000004e03b00000] [id=12232]
  0x000001a9a1491800 ConcurrentGCThread "G1 Young RemSet Sampling" [stack: 0x0000004e03b00000,0x0000004e03c00000] [id=5900]

Threads with active compile tasks:

VM state:not at safepoint (normal execution)

VM Mutex/Monitor currently owned by a thread: None

Heap address: 0x0000000082200000, size: 2014 MB, Compressed Oops mode: 32-bit
Narrow klass base: 0x0000000800000000, Narrow klass shift: 3
Compressed class space size: 1073741824 Address: 0x0000000800b30000

Heap:
 garbage-first heap   total 129024K, used 6144K [0x0000000082200000, 0x0000000100000000)
  region size 1024K, 7 young (7168K), 0 survivors (0K)
 Metaspace       used 3036K, capacity 5044K, committed 5120K, reserved 1056768K
  class space    used 290K, capacity 466K, committed 512K, reserved 1048576K
Heap Regions: E=young(eden), S=young(survivor), O=old, HS=humongous(starts), HC=humongous(continues), CS=collection set, F=free, OA=open archive, CA=closed archive, TAMS=top-at-mark-start (previous, next)
|   0|0x0000000082200000, 0x0000000082200000, 0x0000000082300000|  0%| F|  |TAMS 0x0000000082200000, 0x0000000082200000| Untracked 
|   1|0x0000000082300000, 0x0000000082300000, 0x0000000082400000|  0%| F|  |TAMS 0x0000000082300000, 0x0000000082300000| Untracked 
|   2|0x0000000082400000, 0x0000000082400000, 0x0000000082500000|  0%| F|  |TAMS 0x0000000082400000, 0x0000000082400000| Untracked 
|   3|0x0000000082500000, 0x0000000082500000, 0x0000000082600000|  0%| F|  |TAMS 0x0000000082500000, 0x0000000082500000| Untracked 
|   4|0x0000000082600000, 0x0000000082600000, 0x0000000082700000|  0%| F|  |TAMS 0x0000000082600000, 0x0000000082600000| Untracked 
|   5|0x0000000082700000, 0x0000000082700000, 0x0000000082800000|  0%| F|  |TAMS 0x0000000082700000, 0x0000000082700000| Untracked 
|   6|0x0000000082800000, 0x0000000082800000, 0x0000000082900000|  0%| F|  |TAMS 0x0000000082800000, 0x0000000082800000| Untracked 
|   7|0x0000000082900000, 0x0000000082900000, 0x0000000082a00000|  0%| F|  |TAMS 0x0000000082900000, 0x0000000082900000| Untracked 
|   8|0x0000000082a00000, 0x0000000082a00000, 0x0000000082b00000|  0%| F|  |TAMS 0x0000000082a00000, 0x0000000082a00000| Untracked 
|   9|0x0000000082b00000, 0x0000000082b00000, 0x0000000082c00000|  0%| F|  |TAMS 0x0000000082b00000, 0x0000000082b00000| Untracked 
|  10|0x0000000082c00000, 0x0000000082c00000, 0x0000000082d00000|  0%| F|  |TAMS 0x0000000082c00000, 0x0000000082c00000| Untracked 
|  11|0x0000000082d00000, 0x0000000082d00000, 0x0000000082e00000|  0%| F|  |TAMS 0x0000000082d00000, 0x0000000082d00000| Untracked 
|  12|0x0000000082e00000, 0x0000000082e00000, 0x0000000082f00000|  0%| F|  |TAMS 0x0000000082e00000, 0x0000000082e00000| Untracked 
|  13|0x0000000082f00000, 0x0000000082f00000, 0x0000000083000000|  0%| F|  |TAMS 0x0000000082f00000, 0x0000000082f00000| Untracked 
|  14|0x0000000083000000, 0x0000000083000000, 0x0000000083100000|  0%| F|  |TAMS 0x0000000083000000, 0x0000000083000000| Untracked 
|  15|0x0000000083100000, 0x0000000083100000, 0x0000000083200000|  0%| F|  |TAMS 0x0000000083100000, 0x0000000083100000| Untracked 
|  16|0x0000000083200000, 0x0000000083200000, 0x0000000083300000|  0%| F|  |TAMS 0x0000000083200000, 0x0000000083200000| Untracked 
|  17|0x0000000083300000, 0x0000000083300000, 0x0000000083400000|  0%| F|  |TAMS 0x0000000083300000, 0x0000000083300000| Untracked 
|  18|0x0000000083400000, 0x0000000083400000, 0x0000000083500000|  0%| F|  |TAMS 0x0000000083400000, 0x0000000083400000| Untracked 
|  19|0x0000000083500000, 0x0000000083500000, 0x0000000083600000|  0%| F|  |TAMS 0x0000000083500000, 0x0000000083500000| Untracked 
|  20|0x0000000083600000, 0x0000000083600000, 0x0000000083700000|  0%| F|  |TAMS 0x0000000083600000, 0x0000000083600000| Untracked 
|  21|0x0000000083700000, 0x0000000083700000, 0x0000000083800000|  0%| F|  |TAMS 0x0000000083700000, 0x0000000083700000| Untracked 
|  22|0x0000000083800000, 0x0000000083800000, 0x0000000083900000|  0%| F|  |TAMS 0x0000000083800000, 0x0000000083800000| Untracked 
|  23|0x0000000083900000, 0x0000000083900000, 0x0000000083a00000|  0%| F|  |TAMS 0x0000000083900000, 0x0000000083900000| Untracked 
|  24|0x0000000083a00000, 0x0000000083a00000, 0x0000000083b00000|  0%| F|  |TAMS 0x0000000083a00000, 0x0000000083a00000| Untracked 
|  25|0x0000000083b00000, 0x0000000083b00000, 0x0000000083c00000|  0%| F|  |TAMS 0x0000000083b00000, 0x0000000083b00000| Untracked 
|  26|0x0000000083c00000, 0x0000000083c00000, 0x0000000083d00000|  0%| F|  |TAMS 0x0000000083c00000, 0x0000000083c00000| Untracked 
|  27|0x0000000083d00000, 0x0000000083d00000, 0x0000000083e00000|  0%| F|  |TAMS 0x0000000083d00000, 0x0000000083d00000| Untracked 
|  28|0x0000000083e00000, 0x0000000083e00000, 0x0000000083f00000|  0%| F|  |TAMS 0x0000000083e00000, 0x0000000083e00000| Untracked 
|  29|0x0000000083f00000, 0x0000000083f00000, 0x0000000084000000|  0%| F|  |TAMS 0x0000000083f00000, 0x0000000083f00000| Untracked 
|  30|0x0000000084000000, 0x0000000084000000, 0x0000000084100000|  0%| F|  |TAMS 0x0000000084000000, 0x0000000084000000| Untracked 
|  31|0x0000000084100000, 0x0000000084100000, 0x0000000084200000|  0%| F|  |TAMS 0x0000000084100000, 0x0000000084100000| Untracked 
|  32|0x0000000084200000, 0x0000000084200000, 0x0000000084300000|  0%| F|  |TAMS 0x0000000084200000, 0x0000000084200000| Untracked 
|  33|0x0000000084300000, 0x0000000084300000, 0x0000000084400000|  0%| F|  |TAMS 0x0000000084300000, 0x0000000084300000| Untracked 
|  34|0x0000000084400000, 0x0000000084400000, 0x0000000084500000|  0%| F|  |TAMS 0x0000000084400000, 0x0000000084400000| Untracked 
|  35|0x0000000084500000, 0x0000000084500000, 0x0000000084600000|  0%| F|  |TAMS 0x0000000084500000, 0x0000000084500000| Untracked 
|  36|0x0000000084600000, 0x0000000084600000, 0x0000000084700000|  0%| F|  |TAMS 0x0000000084600000, 0x0000000084600000| Untracked 
|  37|0x0000000084700000, 0x0000000084700000, 0x0000000084800000|  0%| F|  |TAMS 0x0000000084700000, 0x0000000084700000| Untracked 
|  38|0x0000000084800000, 0x0000000084800000, 0x0000000084900000|  0%| F|  |TAMS 0x0000000084800000, 0x0000000084800000| Untracked 
|  39|0x0000000084900000, 0x0000000084900000, 0x0000000084a00000|  0%| F|  |TAMS 0x0000000084900000, 0x0000000084900000| Untracked 
|  40|0x0000000084a00000, 0x0000000084a00000, 0x0000000084b00000|  0%| F|  |TAMS 0x0000000084a00000, 0x0000000084a00000| Untracked 
|  41|0x0000000084b00000, 0x0000000084b00000, 0x0000000084c00000|  0%| F|  |TAMS 0x0000000084b00000, 0x0000000084b00000| Untracked 
|  42|0x0000000084c00000, 0x0000000084c00000, 0x0000000084d00000|  0%| F|  |TAMS 0x0000000084c00000, 0x0000000084c00000| Untracked 
|  43|0x0000000084d00000, 0x0000000084d00000, 0x0000000084e00000|  0%| F|  |TAMS 0x0000000084d00000, 0x0000000084d00000| Untracked 
|  44|0x0000000084e00000, 0x0000000084e00000, 0x0000000084f00000|  0%| F|  |TAMS 0x0000000084e00000, 0x0000000084e00000| Untracked 
|  45|0x0000000084f00000, 0x0000000084f00000, 0x0000000085000000|  0%| F|  |TAMS 0x0000000084f00000, 0x0000000084f00000| Untracked 
|  46|0x0000000085000000, 0x0000000085000000, 0x0000000085100000|  0%| F|  |TAMS 0x0000000085000000, 0x0000000085000000| Untracked 
|  47|0x0000000085100000, 0x0000000085100000, 0x0000000085200000|  0%| F|  |TAMS 0x0000000085100000, 0x0000000085100000| Untracked 
|  48|0x0000000085200000, 0x0000000085200000, 0x0000000085300000|  0%| F|  |TAMS 0x0000000085200000, 0x0000000085200000| Untracked 
|  49|0x0000000085300000, 0x0000000085300000, 0x0000000085400000|  0%| F|  |TAMS 0x0000000085300000, 0x0000000085300000| Untracked 
|  50|0x0000000085400000, 0x0000000085400000, 0x0000000085500000|  0%| F|  |TAMS 0x0000000085400000, 0x0000000085400000| Untracked 
|  51|0x0000000085500000, 0x0000000085500000, 0x0000000085600000|  0%| F|  |TAMS 0x0000000085500000, 0x0000000085500000| Untracked 
|  52|0x0000000085600000, 0x0000000085600000, 0x0000000085700000|  0%| F|  |TAMS 0x0000000085600000, 0x0000000085600000| Untracked 
|  53|0x0000000085700000, 0x0000000085700000, 0x0000000085800000|  0%| F|  |TAMS 0x0000000085700000, 0x0000000085700000| Untracked 
|  54|0x0000000085800000, 0x0000000085800000, 0x0000000085900000|  0%| F|  |TAMS 0x0000000085800000, 0x0000000085800000| Untracked 
|  55|0x0000000085900000, 0x0000000085900000, 0x0000000085a00000|  0%| F|  |TAMS 0x0000000085900000, 0x0000000085900000| Untracked 
|  56|0x0000000085a00000, 0x0000000085a00000, 0x0000000085b00000|  0%| F|  |TAMS 0x0000000085a00000, 0x0000000085a00000| Untracked 
|  57|0x0000000085b00000, 0x0000000085b00000, 0x0000000085c00000|  0%| F|  |TAMS 0x0000000085b00000, 0x0000000085b00000| Untracked 
|  58|0x0000000085c00000, 0x0000000085c00000, 0x0000000085d00000|  0%| F|  |TAMS 0x0000000085c00000, 0x0000000085c00000| Untracked 
|  59|0x0000000085d00000, 0x0000000085d00000, 0x0000000085e00000|  0%| F|  |TAMS 0x0000000085d00000, 0x0000000085d00000| Untracked 
|  60|0x0000000085e00000, 0x0000000085e00000, 0x0000000085f00000|  0%| F|  |TAMS 0x0000000085e00000, 0x0000000085e00000| Untracked 
|  61|0x0000000085f00000, 0x0000000085f00000, 0x0000000086000000|  0%| F|  |TAMS 0x0000000085f00000, 0x0000000085f00000| Untracked 
|  62|0x0000000086000000, 0x0000000086000000, 0x0000000086100000|  0%| F|  |TAMS 0x0000000086000000, 0x0000000086000000| Untracked 
|  63|0x0000000086100000, 0x0000000086100000, 0x0000000086200000|  0%| F|  |TAMS 0x0000000086100000, 0x0000000086100000| Untracked 
|  64|0x0000000086200000, 0x0000000086200000, 0x0000000086300000|  0%| F|  |TAMS 0x0000000086200000, 0x0000000086200000| Untracked 
|  65|0x0000000086300000, 0x0000000086300000, 0x0000000086400000|  0%| F|  |TAMS 0x0000000086300000, 0x0000000086300000| Untracked 
|  66|0x0000000086400000, 0x0000000086400000, 0x0000000086500000|  0%| F|  |TAMS 0x0000000086400000, 0x0000000086400000| Untracked 
|  67|0x0000000086500000, 0x0000000086500000, 0x0000000086600000|  0%| F|  |TAMS 0x0000000086500000, 0x0000000086500000| Untracked 
|  68|0x0000000086600000, 0x0000000086600000, 0x0000000086700000|  0%| F|  |TAMS 0x0000000086600000, 0x0000000086600000| Untracked 
|  69|0x0000000086700000, 0x0000000086700000, 0x0000000086800000|  0%| F|  |TAMS 0x0000000086700000, 0x0000000086700000| Untracked 
|  70|0x0000000086800000, 0x0000000086800000, 0x0000000086900000|  0%| F|  |TAMS 0x0000000086800000, 0x0000000086800000| Untracked 
|  71|0x0000000086900000, 0x0000000086900000, 0x0000000086a00000|  0%| F|  |TAMS 0x0000000086900000, 0x0000000086900000| Untracked 
|  72|0x0000000086a00000, 0x0000000086a00000, 0x0000000086b00000|  0%| F|  |TAMS 0x0000000086a00000, 0x0000000086a00000| Untracked 
|  73|0x0000000086b00000, 0x0000000086b00000, 0x0000000086c00000|  0%| F|  |TAMS 0x0000000086b00000, 0x0000000086b00000| Untracked 
|  74|0x0000000086c00000, 0x0000000086c00000, 0x0000000086d00000|  0%| F|  |TAMS 0x0000000086c00000, 0x0000000086c00000| Untracked 
|  75|0x0000000086d00000, 0x0000000086d00000, 0x0000000086e00000|  0%| F|  |TAMS 0x0000000086d00000, 0x0000000086d00000| Untracked 
|  76|0x0000000086e00000, 0x0000000086e00000, 0x0000000086f00000|  0%| F|  |TAMS 0x0000000086e00000, 0x0000000086e00000| Untracked 
|  77|0x0000000086f00000, 0x0000000086f00000, 0x0000000087000000|  0%| F|  |TAMS 0x0000000086f00000, 0x0000000086f00000| Untracked 
|  78|0x0000000087000000, 0x0000000087000000, 0x0000000087100000|  0%| F|  |TAMS 0x0000000087000000, 0x0000000087000000| Untracked 
|  79|0x0000000087100000, 0x0000000087100000, 0x0000000087200000|  0%| F|  |TAMS 0x0000000087100000, 0x0000000087100000| Untracked 
|  80|0x0000000087200000, 0x0000000087200000, 0x0000000087300000|  0%| F|  |TAMS 0x0000000087200000, 0x0000000087200000| Untracked 
|  81|0x0000000087300000, 0x0000000087300000, 0x0000000087400000|  0%| F|  |TAMS 0x0000000087300000, 0x0000000087300000| Untracked 
|  82|0x0000000087400000, 0x0000000087400000, 0x0000000087500000|  0%| F|  |TAMS 0x0000000087400000, 0x0000000087400000| Untracked 
|  83|0x0000000087500000, 0x0000000087500000, 0x0000000087600000|  0%| F|  |TAMS 0x0000000087500000, 0x0000000087500000| Untracked 
|  84|0x0000000087600000, 0x0000000087600000, 0x0000000087700000|  0%| F|  |TAMS 0x0000000087600000, 0x0000000087600000| Untracked 
|  85|0x0000000087700000, 0x0000000087700000, 0x0000000087800000|  0%| F|  |TAMS 0x0000000087700000, 0x0000000087700000| Untracked 
|  86|0x0000000087800000, 0x0000000087800000, 0x0000000087900000|  0%| F|  |TAMS 0x0000000087800000, 0x0000000087800000| Untracked 
|  87|0x0000000087900000, 0x0000000087900000, 0x0000000087a00000|  0%| F|  |TAMS 0x0000000087900000, 0x0000000087900000| Untracked 
|  88|0x0000000087a00000, 0x0000000087a00000, 0x0000000087b00000|  0%| F|  |TAMS 0x0000000087a00000, 0x0000000087a00000| Untracked 
|  89|0x0000000087b00000, 0x0000000087b00000, 0x0000000087c00000|  0%| F|  |TAMS 0x0000000087b00000, 0x0000000087b00000| Untracked 
|  90|0x0000000087c00000, 0x0000000087c00000, 0x0000000087d00000|  0%| F|  |TAMS 0x0000000087c00000, 0x0000000087c00000| Untracked 
|  91|0x0000000087d00000, 0x0000000087d00000, 0x0000000087e00000|  0%| F|  |TAMS 0x0000000087d00000, 0x0000000087d00000| Untracked 
|  92|0x0000000087e00000, 0x0000000087e00000, 0x0000000087f00000|  0%| F|  |TAMS 0x0000000087e00000, 0x0000000087e00000| Untracked 
|  93|0x0000000087f00000, 0x0000000087f00000, 0x0000000088000000|  0%| F|  |TAMS 0x0000000087f00000, 0x0000000087f00000| Untracked 
|  94|0x0000000088000000, 0x0000000088000000, 0x0000000088100000|  0%| F|  |TAMS 0x0000000088000000, 0x0000000088000000| Untracked 
|  95|0x0000000088100000, 0x0000000088100000, 0x0000000088200000|  0%| F|  |TAMS 0x0000000088100000, 0x0000000088100000| Untracked 
|  96|0x0000000088200000, 0x0000000088200000, 0x0000000088300000|  0%| F|  |TAMS 0x0000000088200000, 0x0000000088200000| Untracked 
|  97|0x0000000088300000, 0x0000000088300000, 0x0000000088400000|  0%| F|  |TAMS 0x0000000088300000, 0x0000000088300000| Untracked 
|  98|0x0000000088400000, 0x0000000088400000, 0x0000000088500000|  0%| F|  |TAMS 0x0000000088400000, 0x0000000088400000| Untracked 
|  99|0x0000000088500000, 0x0000000088500000, 0x0000000088600000|  0%| F|  |TAMS 0x0000000088500000, 0x0000000088500000| Untracked 
| 100|0x0000000088600000, 0x0000000088600000, 0x0000000088700000|  0%| F|  |TAMS 0x0000000088600000, 0x0000000088600000| Untracked 
| 101|0x0000000088700000, 0x0000000088700000, 0x0000000088800000|  0%| F|  |TAMS 0x0000000088700000, 0x0000000088700000| Untracked 
| 102|0x0000000088800000, 0x0000000088800000, 0x0000000088900000|  0%| F|  |TAMS 0x0000000088800000, 0x0000000088800000| Untracked 
| 103|0x0000000088900000, 0x0000000088900000, 0x0000000088a00000|  0%| F|  |TAMS 0x0000000088900000, 0x0000000088900000| Untracked 
| 104|0x0000000088a00000, 0x0000000088a00000, 0x0000000088b00000|  0%| F|  |TAMS 0x0000000088a00000, 0x0000000088a00000| Untracked 
| 105|0x0000000088b00000, 0x0000000088b00000, 0x0000000088c00000|  0%| F|  |TAMS 0x0000000088b00000, 0x0000000088b00000| Untracked 
| 106|0x0000000088c00000, 0x0000000088c00000, 0x0000000088d00000|  0%| F|  |TAMS 0x0000000088c00000, 0x0000000088c00000| Untracked 
| 107|0x0000000088d00000, 0x0000000088d00000, 0x0000000088e00000|  0%| F|  |TAMS 0x0000000088d00000, 0x0000000088d00000| Untracked 
| 108|0x0000000088e00000, 0x0000000088e00000, 0x0000000088f00000|  0%| F|  |TAMS 0x0000000088e00000, 0x0000000088e00000| Untracked 
| 109|0x0000000088f00000, 0x0000000088f00000, 0x0000000089000000|  0%| F|  |TAMS 0x0000000088f00000, 0x0000000088f00000| Untracked 
| 110|0x0000000089000000, 0x0000000089000000, 0x0000000089100000|  0%| F|  |TAMS 0x0000000089000000, 0x0000000089000000| Untracked 
| 111|0x0000000089100000, 0x0000000089100000, 0x0000000089200000|  0%| F|  |TAMS 0x0000000089100000, 0x0000000089100000| Untracked 
| 112|0x0000000089200000, 0x0000000089200000, 0x0000000089300000|  0%| F|  |TAMS 0x0000000089200000, 0x0000000089200000| Untracked 
| 113|0x0000000089300000, 0x0000000089300000, 0x0000000089400000|  0%| F|  |TAMS 0x0000000089300000, 0x0000000089300000| Untracked 
| 114|0x0000000089400000, 0x0000000089400000, 0x0000000089500000|  0%| F|  |TAMS 0x0000000089400000, 0x0000000089400000| Untracked 
| 115|0x0000000089500000, 0x0000000089500000, 0x0000000089600000|  0%| F|  |TAMS 0x0000000089500000, 0x0000000089500000| Untracked 
| 116|0x0000000089600000, 0x0000000089600000, 0x0000000089700000|  0%| F|  |TAMS 0x0000000089600000, 0x0000000089600000| Untracked 
| 117|0x0000000089700000, 0x0000000089700000, 0x0000000089800000|  0%| F|  |TAMS 0x0000000089700000, 0x0000000089700000| Untracked 
| 118|0x0000000089800000, 0x0000000089800000, 0x0000000089900000|  0%| F|  |TAMS 0x0000000089800000, 0x0000000089800000| Untracked 
| 119|0x0000000089900000, 0x0000000089943510, 0x0000000089a00000| 26%| E|  |TAMS 0x0000000089900000, 0x0000000089900000| Complete 
| 120|0x0000000089a00000, 0x0000000089b00000, 0x0000000089b00000|100%| E|CS|TAMS 0x0000000089a00000, 0x0000000089a00000| Complete 
| 121|0x0000000089b00000, 0x0000000089c00000, 0x0000000089c00000|100%| E|CS|TAMS 0x0000000089b00000, 0x0000000089b00000| Complete 
| 122|0x0000000089c00000, 0x0000000089d00000, 0x0000000089d00000|100%| E|CS|TAMS 0x0000000089c00000, 0x0000000089c00000| Complete 
| 123|0x0000000089d00000, 0x0000000089e00000, 0x0000000089e00000|100%| E|CS|TAMS 0x0000000089d00000, 0x0000000089d00000| Complete 
| 124|0x0000000089e00000, 0x0000000089f00000, 0x0000000089f00000|100%| E|CS|TAMS 0x0000000089e00000, 0x0000000089e00000| Complete 
| 125|0x0000000089f00000, 0x000000008a000000, 0x000000008a000000|100%| E|CS|TAMS 0x0000000089f00000, 0x0000000089f00000| Complete 

Card table byte_map: [0x000001a99aa70000,0x000001a99ae60000] _byte_map_base: 0x000001a99a65f000

Marking Bits (Prev, Next): (CMBitMap*) 0x000001a982f20838, (CMBitMap*) 0x000001a982f20878
 Prev Bits: [0x000001a99b250000, 0x000001a99d1c8000)
 Next Bits: [0x000001a99d1d0000, 0x000001a99f148000)

Polling page: 0x000001a980d30000

Metaspace:

Usage:
  Non-class:      4.47 MB capacity,     2.68 MB ( 60%) used,     1.78 MB ( 40%) free+waste,     5.44 KB ( <1%) overhead. 
      Class:    466.00 KB capacity,   290.91 KB ( 62%) used,   172.16 KB ( 37%) free+waste,     2.94 KB ( <1%) overhead. 
       Both:      4.93 MB capacity,     2.97 MB ( 60%) used,     1.95 MB ( 40%) free+waste,     8.38 KB ( <1%) overhead. 

Virtual space:
  Non-class space:        8.00 MB reserved,       4.50 MB ( 56%) committed 
      Class space:        1.00 GB reserved,     512.00 KB ( <1%) committed 
             Both:        1.01 GB reserved,       5.00 MB ( <1%) committed 

Chunk freelists:
   Non-Class:  30.00 KB
       Class:  0 bytes
        Both:  30.00 KB

MaxMetaspaceSize: 17179869184.00 GB
CompressedClassSpaceSize: 1.00 GB

CodeHeap 'non-profiled nmethods': size=120000Kb used=150Kb max_used=150Kb free=119850Kb
 bounds [0x000001a993150000, 0x000001a9933c0000, 0x000001a99a680000]
CodeHeap 'profiled nmethods': size=120000Kb used=700Kb max_used=700Kb free=119300Kb
 bounds [0x000001a98bc20000, 0x000001a98be90000, 0x000001a993150000]
CodeHeap 'non-nmethods': size=5760Kb used=1236Kb max_used=1251Kb free=4523Kb
 bounds [0x000001a98b680000, 0x000001a98b8f0000, 0x000001a98bc20000]
 total_blobs=1289 nmethods=490 adapters=314
 compilation: enabled
              stopped_count=0, restarted_count=0
 full_count=0

Compilation events (20 events):
Event: 0.705 Thread 0x000001a9a1654800  483       1       sun.instrument.TransformerManager$TransformerInfo::transformer (5 bytes)
Event: 0.705 Thread 0x000001a9a1654800 nmethod 483 0x000001a993174790 code [0x000001a993174920, 0x000001a9931749f8]
Event: 0.705 Thread 0x000001a9a1654800  484       1       java.nio.Buffer::position (5 bytes)
Event: 0.706 Thread 0x000001a9a1654800 nmethod 484 0x000001a993174a90 code [0x000001a993174c20, 0x000001a993174cf8]
Event: 0.706 Thread 0x000001a9a164c000  485       4       java.nio.HeapCharBuffer::ix (7 bytes)
Event: 0.707 Thread 0x000001a9a164c000 nmethod 485 0x000001a993174d90 code [0x000001a993174f00, 0x000001a993174f78]
Event: 1.388 Thread 0x000001a9a1654800  486       3       java.lang.Character::isWhitespace (9 bytes)
Event: 1.389 Thread 0x000001a9a1654800 nmethod 486 0x000001a98bccd690 code [0x000001a98bccd840, 0x000001a98bccda38]
Event: 40.891 Thread 0x000001a9a1654800  487       1       java.lang.Integer::intValue (5 bytes)
Event: 40.891 Thread 0x000001a9a1654800 nmethod 487 0x000001a993175090 code [0x000001a993175220, 0x000001a9931752f8]
Event: 40.891 Thread 0x000001a9a1654800  488       3       org.eclipse.jdt.launching.internal.org.objectweb.asm.SymbolTable::addConstantUtf8 (98 bytes)
Event: 40.894 Thread 0x000001a9a1654800 

Event: 129.219 Thread 0x000001a9a164c000  489       4       java.lang.String::charAt (25 bytes)
Event: 129.220 Thread 0x000001a9a1654800  490       3       org.eclipse.jdt.launching.internal.org.objectweb.asm.ByteVector::put11 (52 bytes)
Event: 129.220 Thread 0x000001a9a1654800 nmethod 490 0x000001a98bccdb10 code [0x000001a98bccdcc0, 0x000001a98bccdee8]
Event: 129.220 Thread 0x000001a9a1654800  491       3       org.eclipse.jdt.launching.internal.org.objectweb.asm.MethodWriter::visitVarInsn (302 bytes)
Event: 129.221 Thread 0x000001a9a1654800 nmethod 491 0x000001a98bcce090 code [0x000001a98bcce2e0, 0x000001a98bcced28]
Event: 129.223 Thread 0x000001a9a164c000 

Event: 129.223 Thread 0x000001a9a164c000  492       4       org.eclipse.jdt.launching.internal.org.objectweb.asm.SymbolTable::get (13 bytes)
Event: 129.225 Thread 0x000001a9a164c000 nmethod 492 0x000001a993175390 code [0x000001a993175540, 0x000001a993175718]

GC Heap History (0 events):
No events

Deoptimization events (20 events):
Event: 0.529 Thread 0x000001a982edc000 DEOPT PACKING pc=0x000001a98bc9aa01 sp=0x0000004e036fbc70
Event: 0.529 Thread 0x000001a982edc000 DEOPT UNPACKING pc=0x000001a98b6c964e sp=0x0000004e036fb138 mode 0
Event: 0.529 Thread 0x000001a982edc000 DEOPT PACKING pc=0x000001a98bc9aa01 sp=0x0000004e036fbc70
Event: 0.529 Thread 0x000001a982edc000 DEOPT UNPACKING pc=0x000001a98b6c964e sp=0x0000004e036fb138 mode 0
Event: 0.531 Thread 0x000001a982edc000 DEOPT PACKING pc=0x000001a98bc9aa01 sp=0x0000004e036f8110
Event: 0.531 Thread 0x000001a982edc000 DEOPT UNPACKING pc=0x000001a98b6c964e sp=0x0000004e036f75d8 mode 0
Event: 0.533 Thread 0x000001a982edc000 DEOPT PACKING pc=0x000001a98bc9aa01 sp=0x0000004e036fbc00
Event: 0.533 Thread 0x000001a982edc000 DEOPT UNPACKING pc=0x000001a98b6c964e sp=0x0000004e036fb0c8 mode 0
Event: 0.570 Thread 0x000001a982edc000 Uncommon trap: trap_request=0xffffff45 fr.pc=0x000001a9931574bc relative=0x000000000000027c
Event: 0.570 Thread 0x000001a982edc000 Uncommon trap: reason=unstable_if action=reinterpret pc=0x000001a9931574bc method=java.lang.String.isLatin1()Z @ 10 c2
Event: 0.570 Thread 0x000001a982edc000 DEOPT PACKING pc=0x000001a9931574bc sp=0x0000004e036fc8a0
Event: 0.570 Thread 0x000001a982edc000 DEOPT UNPACKING pc=0x000001a98b6c912f sp=0x0000004e036fc7d8 mode 2
Event: 0.570 Thread 0x000001a982edc000 Uncommon trap: trap_request=0xffffff45 fr.pc=0x000001a99315ef04 relative=0x0000000000000124
Event: 0.570 Thread 0x000001a982edc000 Uncommon trap: reason=unstable_if action=reinterpret pc=0x000001a99315ef04 method=java.lang.String.charAt(I)C @ 4 c2
Event: 0.570 Thread 0x000001a982edc000 DEOPT PACKING pc=0x000001a99315ef04 sp=0x0000004e036fc6b0
Event: 0.570 Thread 0x000001a982edc000 DEOPT UNPACKING pc=0x000001a98b6c912f sp=0x0000004e036fc660 mode 2
Event: 0.579 Thread 0x000001a982edc000 Uncommon trap: trap_request=0xffffff45 fr.pc=0x000001a9931627e4 relative=0x0000000000000044
Event: 0.579 Thread 0x000001a982edc000 Uncommon trap: reason=unstable_if action=reinterpret pc=0x000001a9931627e4 method=java.lang.CharacterData.of(I)Ljava/lang/CharacterData; @ 4 c2
Event: 0.579 Thread 0x000001a982edc000 DEOPT PACKING pc=0x000001a9931627e4 sp=0x0000004e036febf0
Event: 0.579 Thread 0x000001a982edc000 DEOPT UNPACKING pc=0x000001a98b6c912f sp=0x0000004e036feb90 mode 2

Classes unloaded (0 events):
No events

Classes redefined (2 events):
Event: 40.892 Thread 0x000001a9a161a000 redefined class name=problem.step.six.array.Q8958, count=1
Event: 129.222 Thread 0x000001a9a161a000 redefined class name=problem.step.six.array.Q8958, count=2

Internal exceptions (1 events):
Event: 0.552 Thread 0x000001a982edc000 Exception <a 'java/lang/NoSuchMethodError'{0x0000000089bc3a48}: 'int java.lang.invoke.DirectMethodHandle$Holder.invokeSpecialIFC(java.lang.Object, java.lang.Object, int)'> (0x0000000089bc3a48) 
thrown [./open/src/hotspot/share/interpreter/linkResolver.cpp, line 766]

Events (20 events):
Event: 136.857 Executing VM operation: GetCurrentContendedMonitor
Event: 136.857 Executing VM operation: GetCurrentContendedMonitor done
Event: 136.857 Executing VM operation: GetOwnedMonitorInfo
Event: 136.857 Executing VM operation: GetOwnedMonitorInfo done
Event: 136.857 Executing VM operation: GetCurrentContendedMonitor
Event: 136.857 Executing VM operation: GetCurrentContendedMonitor done
Event: 136.857 Executing VM operation: GetOwnedMonitorInfo
Event: 136.857 Executing VM operation: GetOwnedMonitorInfo done
Event: 136.857 Executing VM operation: GetCurrentContendedMonitor
Event: 136.857 Executing VM operation: GetCurrentContendedMonitor done
Event: 136.858 Executing VM operation: GetCurrentContendedMonitor
Event: 136.859 Executing VM operation: GetCurrentContendedMonitor done
Event: 136.859 Executing VM operation: GetOwnedMonitorInfo
Event: 136.859 Executing VM operation: GetOwnedMonitorInfo done
Event: 136.962 Executing VM operation: GetFrameCount
Event: 136.962 Executing VM operation: GetFrameCount done
Event: 136.962 Executing VM operation: GetOwnedMonitorInfo
Event: 136.962 Executing VM operation: GetOwnedMonitorInfo done
Event: 136.962 Executing VM operation: GetCurrentContendedMonitor
Event: 136.962 Executing VM operation: GetCurrentContendedMonitor done


Dynamic libraries:
0x00007ff707df0000 - 0x00007ff707dff000 	C:\Program Files\Java\jdk-14.0.1\bin\javaw.exe
0x00007ff9d1700000 - 0x00007ff9d18f0000 	C:\Windows\SYSTEM32\ntdll.dll
0x00007ff9d06c0000 - 0x00007ff9d0772000 	C:\Windows\System32\KERNEL32.DLL
0x00007ff9cf2e0000 - 0x00007ff9cf584000 	C:\Windows\System32\KERNELBASE.dll
0x00007ff9cf5b0000 - 0x00007ff9cf6aa000 	C:\Windows\System32\ucrtbase.dll
0x00007ff9c9d10000 - 0x00007ff9c9d28000 	C:\Program Files\Java\jdk-14.0.1\bin\jli.dll
0x00007ff9d09a0000 - 0x00007ff9d0a43000 	C:\Windows\System32\ADVAPI32.dll
0x00007ff9cffe0000 - 0x00007ff9d007e000 	C:\Windows\System32\msvcrt.dll
0x00007ff9cfb80000 - 0x00007ff9cfc17000 	C:\Windows\System32\sechost.dll
0x00007ff9d0e70000 - 0x00007ff9d0f90000 	C:\Windows\System32\RPCRT4.dll
0x00007ff9d0c60000 - 0x00007ff9d0df4000 	C:\Windows\System32\USER32.dll
0x00007ff9ce710000 - 0x00007ff9ce731000 	C:\Windows\System32\win32u.dll
0x00007ff9d0c30000 - 0x00007ff9d0c56000 	C:\Windows\System32\GDI32.dll
0x00007ff9ceff0000 - 0x00007ff9cf184000 	C:\Windows\System32\gdi32full.dll
0x00007ff9ce7d0000 - 0x00007ff9ce86e000 	C:\Windows\System32\msvcp_win.dll
0x00007ff9ca190000 - 0x00007ff9ca1a5000 	C:\Program Files\Java\jdk-14.0.1\bin\VCRUNTIME140.dll
0x00007ff9c0bc0000 - 0x00007ff9c0e44000 	C:\Windows\WinSxS\amd64_microsoft.windows.common-controls_6595b64144ccf1df_6.0.18362.836_none_e6c4b943130f18ed\COMCTL32.dll
0x00007ff9cfc20000 - 0x00007ff9cff56000 	C:\Windows\System32\combase.dll
0x00007ff9ce690000 - 0x00007ff9ce710000 	C:\Windows\System32\bcryptPrimitives.dll
0x00007ff9c5a70000 - 0x00007ff9c5a7a000 	C:\Windows\SYSTEM32\VERSION.dll
0x00007ff9d1680000 - 0x00007ff9d16ae000 	C:\Windows\System32\IMM32.DLL
0x00007ff9beef0000 - 0x00007ff9bef8b000 	C:\Program Files\Java\jdk-14.0.1\bin\msvcp140.dll
0x00007ff99e380000 - 0x00007ff99ee9e000 	C:\Program Files\Java\jdk-14.0.1\bin\server\jvm.dll
0x00007ff9d16b0000 - 0x00007ff9d16b8000 	C:\Windows\System32\PSAPI.DLL
0x00007ff9ca230000 - 0x00007ff9ca239000 	C:\Windows\SYSTEM32\WSOCK32.dll
0x00007ff9d0e00000 - 0x00007ff9d0e6f000 	C:\Windows\System32\WS2_32.dll
0x00007ff9c5a80000 - 0x00007ff9c5aa4000 	C:\Windows\SYSTEM32\WINMM.dll
0x00007ff9c5a40000 - 0x00007ff9c5a6d000 	C:\Windows\SYSTEM32\WINMMBASE.dll
0x00007ff9cf6b0000 - 0x00007ff9cf6fa000 	C:\Windows\System32\cfgmgr32.dll
0x00007ff9ce5d0000 - 0x00007ff9ce5e1000 	C:\Windows\System32\kernel.appcore.dll
0x00007ff9ca170000 - 0x00007ff9ca17a000 	C:\Program Files\Java\jdk-14.0.1\bin\jimage.dll
0x00007ff9c81a0000 - 0x00007ff9c8394000 	C:\Windows\SYSTEM32\DBGHELP.DLL
0x00007ff9c8000000 - 0x00007ff9c802a000 	C:\Windows\SYSTEM32\dbgcore.DLL
0x00007ff9c69a0000 - 0x00007ff9c69d8000 	C:\Program Files\Java\jdk-14.0.1\bin\jdwp.dll
0x00007ff9c8990000 - 0x00007ff9c89b5000 	C:\Program Files\Java\jdk-14.0.1\bin\java.dll
0x00007ff9ca180000 - 0x00007ff9ca18e000 	C:\Program Files\Java\jdk-14.0.1\bin\instrument.dll
0x00007ff9c9080000 - 0x00007ff9c9096000 	C:\Program Files\Java\jdk-14.0.1\bin\zip.dll
0x00007ff9d0f90000 - 0x00007ff9d1674000 	C:\Windows\System32\SHELL32.dll
0x00007ff9d0ab0000 - 0x00007ff9d0b59000 	C:\Windows\System32\shcore.dll
0x00007ff9ce870000 - 0x00007ff9cefee000 	C:\Windows\System32\windows.storage.dll
0x00007ff9ce5f0000 - 0x00007ff9ce613000 	C:\Windows\System32\profapi.dll
0x00007ff9ce620000 - 0x00007ff9ce66a000 	C:\Windows\System32\powrprof.dll
0x00007ff9ce5c0000 - 0x00007ff9ce5d0000 	C:\Windows\System32\UMPDC.dll
0x00007ff9d0650000 - 0x00007ff9d06a2000 	C:\Windows\System32\shlwapi.dll
0x00007ff9cf590000 - 0x00007ff9cf5a7000 	C:\Windows\System32\cryptsp.dll
0x00007ff9c9ef0000 - 0x00007ff9c9efb000 	C:\Program Files\Java\jdk-14.0.1\bin\dt_socket.dll
0x00007ff9cdae0000 - 0x00007ff9cdb1a000 	C:\Windows\SYSTEM32\IPHLPAPI.DLL
0x00007ff9cddd0000 - 0x00007ff9cde37000 	C:\Windows\system32\mswsock.dll
0x00007ff9cdb20000 - 0x00007ff9cdbeb000 	C:\Windows\SYSTEM32\DNSAPI.dll
0x00007ff9d0990000 - 0x00007ff9d0998000 	C:\Windows\System32\NSI.dll
0x00007ff9c5800000 - 0x00007ff9c580a000 	C:\Windows\System32\rasadhlp.dll
0x00007ff9c6380000 - 0x00007ff9c63f7000 	C:\Windows\System32\fwpuclnt.dll
0x00007ff9ce740000 - 0x00007ff9ce766000 	C:\Windows\System32\bcrypt.dll
0x00007ff9c8cf0000 - 0x00007ff9c8d09000 	C:\Program Files\Java\jdk-14.0.1\bin\net.dll
0x00007ff9c5bb0000 - 0x00007ff9c5ca0000 	C:\Windows\SYSTEM32\WINHTTP.dll
0x00007ff9c6a10000 - 0x00007ff9c6a22000 	C:\Program Files\Java\jdk-14.0.1\bin\nio.dll
0x00007ff9ca150000 - 0x00007ff9ca160000 	C:\Program Files\Java\jdk-14.0.1\bin\verify.dll

dbghelp: loaded successfully - version: 4.0.5 - missing functions: none
symbol engine: initialized successfully - sym options: 0x614 - pdb path: .;C:\Program Files\Java\jdk-14.0.1\bin;C:\Windows\SYSTEM32;C:\Windows\WinSxS\amd64_microsoft.windows.common-controls_6595b64144ccf1df_6.0.18362.836_none_e6c4b943130f18ed;C:\Program Files\Java\jdk-14.0.1\bin\server

VM Arguments:
jvm_args: -agentlib:jdwp=transport=dt_socket,suspend=y,address=localhost:52774 -javaagent:C:\Users\Don\eclipse\jee-2020-03\eclipse\configuration\org.eclipse.osgi\411\0\.cp\lib\javaagent-shaded.jar -Dfile.encoding=UTF-8 
java_command: problem.step.six.array.Q8958
java_class_path (initial): C:\Users\Don\git\BaekJoonAlgorithm\BaekJoonAlgorithm\bin
Launcher Type: SUN_STANDARD

[Global flags]
     intx CICompilerCount                          = 3                                         {product} {ergonomic}
     uint ConcGCThreads                            = 1                                         {product} {ergonomic}
     uint G1ConcRefinementThreads                  = 4                                         {product} {ergonomic}
   size_t G1HeapRegionSize                         = 1048576                                   {product} {ergonomic}
    uintx GCDrainStackTargetSize                   = 64                                        {product} {ergonomic}
   size_t InitialHeapSize                          = 132120576                                 {product} {ergonomic}
   size_t MarkStackSize                            = 4194304                                   {product} {ergonomic}
   size_t MaxHeapSize                              = 2111832064                                {product} {ergonomic}
   size_t MaxNewSize                               = 1266679808                                {product} {ergonomic}
   size_t MinHeapDeltaBytes                        = 1048576                                   {product} {ergonomic}
   size_t MinHeapSize                              = 8388608                                   {product} {ergonomic}
    uintx NonNMethodCodeHeapSize                   = 5832780                                {pd product} {ergonomic}
    uintx NonProfiledCodeHeapSize                  = 122912730                              {pd product} {ergonomic}
    uintx ProfiledCodeHeapSize                     = 122912730                              {pd product} {ergonomic}
    uintx ReservedCodeCacheSize                    = 251658240                              {pd product} {ergonomic}
     bool SegmentedCodeCache                       = true                                      {product} {ergonomic}
   size_t SoftMaxHeapSize                          = 2111832064                             {manageable} {ergonomic}
     bool UseCompressedClassPointers               = true                                 {lp64_product} {ergonomic}
     bool UseCompressedOops                        = true                                 {lp64_product} {ergonomic}
     bool UseG1GC                                  = true                                      {product} {ergonomic}
     bool UseLargePagesIndividualAllocation        = false                                  {pd product} {ergonomic}

Logging:
Log output configuration:
 #0: stdout all=warning uptime,level,tags
 #1: stderr all=off uptime,level,tags

Environment Variables:
JAVA_HOME=C:\Program Files\Java\jdk-14.0.1
CLASSPATH=C:\Program Files\Java\jdk-14.0.1\lib
PATH=C:/Program Files/Java/jdk-14.0.1/bin/server;C:/Program Files/Java/jdk-14.0.1/bin;C:\Windows\system32;C:\Windows;C:\Windows\System32\Wbem;C:\Windows\System32\WindowsPowerShell\v1.0\;C:\Windows\System32\OpenSSH\;C:\Program Files\Java\jdk-14.0.1\bin;C:\Users\Don\AppData\Local\Microsoft\WindowsApps;;C:\Users\Don\AppData\Local\Programs\Fiddler;C:\Windows\System32;
USERNAME=Don
OS=Windows_NT
PROCESSOR_IDENTIFIER=Intel64 Family 6 Model 78 Stepping 3, GenuineIntel



---------------  S Y S T E M  ---------------

OS: Windows 10 , 64 bit Build 18362 (10.0.18362.778)
OS uptime: 3 days 8:19 hours

CPU:total 4 (initial active 4) (2 cores per cpu, 2 threads per core) family 6 model 78 stepping 3, cmov, cx8, fxsr, mmx, sse, sse2, sse3, ssse3, sse4.1, sse4.2, popcnt, avx, avx2, aes, clmul, erms, 3dnowpref, lzcnt, ht, tsc, tscinvbit, bmi1, bmi2, adx, fma

Memory: 4k page, system-wide physical 8055M (3259M free)
TotalPageFile size 9975M (AvailPageFile size 3686M)
current process WorkingSet (physical memory assigned to process): 43M, peak: 45M
current process commit charge ("private bytes"): 205M, peak: 207M

vm_info: Java HotSpot(TM) 64-Bit Server VM (14.0.1+7) for windows-amd64 JRE (14.0.1+7), built on Mar  5 2020 10:30:14 by "mach5one" with MS VC++ 15.9 (VS2017)

END.
